<?xml version="1.0" encoding="UTF-8"?>
<!-- Generated by org.testng.reporters.JUnitReportReporter -->
<testsuite hostname="DESKTOP-6GFANEB" failures="0" tests="3" name="Tests.DataProviders" time="23.589" errors="0" timestamp="2024-02-29T09:01:24 IST" skipped="0">
  <testcase classname="Tests.DataProviders" name="LoginTest" time="7.960"/>
  <system-out/>
  <testcase classname="Tests.DataProviders" name="LoginTest" time="7.677"/>
  <system-out/>
  <testcase classname="Tests.DataProviders" name="LoginTest" time="7.952"/>
  <system-out/>
</testsuite> <!-- Tests.DataProviders -->
