<?xml version="1.0" encoding="UTF-8"?>
<!-- Generated by org.testng.reporters.JUnitReportReporter -->
<testsuite hostname="DESKTOP-6GFANEB" failures="0" tests="2" name="Tests.nopCommerceSearchProductPage" time="4.375" errors="0" timestamp="2024-03-18T11:01:34 IST" skipped="0">
  <testcase classname="Tests.nopCommerceSearchProductPage" name="SearchProductWithValidName" time="3.278"/>
  <system-out/>
  <testcase classname="Tests.nopCommerceSearchProductPage" name="SearchProductWithInValidName" time="1.097"/>
  <system-out/>
</testsuite> <!-- Tests.nopCommerceSearchProductPage -->
