<?xml version="1.0" encoding="UTF-8"?>
<!-- Generated by org.testng.reporters.JUnitReportReporter -->
<testsuite hostname="DESKTOP-6GFANEB" failures="0" tests="2" name="Tests.nopCommerce_RegistrationTest" time="8.781" errors="0" timestamp="2024-03-18T11:01:34 IST" skipped="0">
  <testcase classname="Tests.nopCommerce_RegistrationTest" name="RegistrationWithValidDetailsTest" time="5.265"/>
  <system-out/>
  <testcase classname="Tests.nopCommerce_RegistrationTest" name="RegistrationWithAlreadyExitsEmailTest" time="3.516"/>
  <system-out/>
</testsuite> <!-- Tests.nopCommerce_RegistrationTest -->
